2025-06-09 23:52:56 GPS              1.974e-03 -2.783e-03  8.506e-04  1.887e-04  3.001e-04 2.0e-02  20   0  14  0.00
2025-06-09 23:52:53 PPS              4.971e-07  3.416e-07  2.742e-07  1.351e-08  5.764e-08 2.2e-01  11   0   5  0.00
2025-06-09 23:52:57 GPS              1.931e-03 -2.759e-03  8.134e-04  1.767e-04  2.701e-04 4.0e-02  21   0  15  0.00
2025-06-09 23:52:58 GPS              1.937e-03 -2.966e-03  7.986e-04  1.499e-04  2.506e-04 9.9e-02  22   0  15  0.00
2025-06-09 23:52:59 GPS              2.014e-03 -3.383e-03  8.131e-04  1.121e-04  2.418e-04 1.5e-01  23   0  15  0.00
2025-06-09 23:53:00 GPS              1.968e-03 -3.274e-03  7.789e-04  1.119e-04  2.200e-04 8.1e-04  24   0  15  0.00
2025-06-09 23:52:57 PPS              4.723e-07  3.182e-08  2.532e-07  3.837e-09  4.632e-08 1.6e-02  12   0   5  0.00
2025-06-09 23:53:01 GPS              1.987e-03 -3.550e-03  7.715e-04  8.818e-05  2.076e-04 1.1e-01  25   0  15  0.00
2025-06-09 23:53:02 GPS              2.021e-03 -3.883e-03  7.701e-04  6.341e-05  1.979e-04 1.2e-01  26   0  15  0.00
2025-06-09 23:53:03 GPS              1.982e-03 -3.745e-03  7.423e-04  6.763e-05  1.824e-04 2.1e-02  27   0  16  0.00
2025-06-09 23:53:04 GPS              1.946e-03 -3.617e-03  7.161e-04  7.091e-05  1.687e-04 1.8e-02  28   0  16  0.00
2025-06-09 23:53:02 PPS              4.515e-07  3.740e-08  2.403e-07  1.654e-09  3.774e-08 2.4e-02  13   0   5  0.00
2025-06-09 23:53:05 GPS              2.088e-03 -4.164e-03  7.557e-04  3.840e-05  1.710e-04 1.9e-01  29   0  13  0.00
2025-06-09 23:53:06 GPS              2.091e-03 -4.421e-03  7.448e-04  2.341e-05  1.621e-04 8.8e-02  30   0  13  0.00
2025-06-09 23:53:07 GPS              2.078e-03 -4.180e-03  7.287e-04  3.410e-05  1.527e-04 6.6e-02  31   0  14  0.00
2025-06-09 23:53:08 GPS              2.173e-03 -4.661e-03  7.504e-04  9.564e-06  1.517e-04 1.6e-01  32   0  15  0.00
====================================================================================================================
   Date (UTC) Time     IP Address    Std dev'n Est offset  Offset sd  Diff freq   Est skew  Stress  Ns  Bs  Nr  Asym
====================================================================================================================
2025-06-09 23:53:06 PPS              4.477e-07 -1.263e-07  2.321e-07 -3.249e-09  3.232e-08 9.3e-02  14   0   6  0.00
2025-06-09 23:53:09 GPS              2.160e-03 -4.866e-03  7.353e-04 -3.504e-07  1.435e-04 6.5e-02  33   0  15  0.00
2025-06-09 23:53:10 GPS              2.129e-03 -4.934e-03  7.143e-04 -3.392e-06  1.348e-04 2.1e-02  34   0  15  0.00
2025-06-09 23:53:11 GPS              2.098e-03 -4.997e-03  6.943e-04 -5.963e-06  1.268e-04 1.9e-02  35   0  15  0.00
2025-06-09 23:53:12 GPS              2.071e-03 -4.922e-03  6.761e-04 -2.523e-06  1.196e-04 2.7e-02  36   0  16  0.00
2025-06-09 23:53:11 PPS              4.662e-07  1.850e-07  2.329e-07  4.221e-09  2.950e-08 1.5e-01  15   0   7  0.00
2025-06-09 23:53:13 GPS              2.042e-03 -4.964e-03  6.579e-04 -4.156e-06  1.129e-04 1.4e-02  37   0  17  0.00
2025-06-09 23:53:14 GPS              2.016e-03 -5.034e-03  6.413e-04 -6.779e-06  1.068e-04 2.3e-02  38   0  17  0.00
2025-06-09 23:53:15 GPS              2.097e-03 -4.618e-03  6.590e-04  9.661e-06  1.066e-04 1.5e-01  39   0  18  0.00
2025-06-09 23:53:16 GPS              2.129e-03 -4.297e-03  6.608e-04  2.150e-05  1.040e-04 1.1e-01  40   0  18  0.00
2025-06-09 23:53:14 PPS              4.533e-07  6.143e-08  2.170e-07  2.251e-09  2.551e-08 4.9e-02  16   0   9  0.00
2025-06-09 23:53:17 GPS              2.103e-03 -4.330e-03  6.450e-04  1.947e-05  9.876e-05 1.9e-02  41   0  19  0.00
2025-06-09 23:53:18 GPS              2.078e-03 -4.357e-03  6.300e-04  1.781e-05  9.393e-05 1.7e-02  42   0  19  0.00
2025-06-09 23:53:19 GPS              2.059e-03 -4.237e-03  6.173e-04  2.141e-05  8.858e-05 3.8e-02  43   0  20  0.00
2025-06-09 23:53:20 GPS              2.035e-03 -4.185e-03  6.034e-04  2.245e-05  8.457e-05 1.2e-02  44   0  20  0.00
2025-06-09 23:53:19 PPS              4.383e-07 -1.560e-08  2.076e-07  1.150e-11  2.203e-08 1.5e-02  17   0  10  0.00
2025-06-09 23:53:21 GPS              2.014e-03 -4.215e-03  5.904e-04  2.071e-05  8.089e-05 2.1e-02  45   0  21  0.00
2025-06-09 23:53:22 GPS              1.995e-03 -4.113e-03  5.790e-04  2.338e-05  7.756e-05 3.3e-02  46   0  22  0.00
2025-06-09 23:53:23 GPS              2.074e-03 -3.806e-03  6.019e-04  2.936e-05  8.063e-05 7.7e-02  47   1  20  0.00
2025-06-09 23:53:24 GPS              2.053e-03 -3.730e-03  5.894e-04  3.088e-05  7.726e-05 1.9e-02  47   0  20  0.00
2025-06-09 23:53:22 PPS              4.332e-07 -8.105e-08  1.972e-07 -1.720e-09  1.967e-08 7.8e-02  18   0   8  0.00
2025-06-09 23:53:25 GPS              2.168e-03 -3.468e-03  6.358e-04  3.490e-05  8.709e-05 5.2e-02  48   3  22  0.00
2025-06-09 23:53:26 GPS              2.159e-03 -3.278e-03  6.266e-04  4.001e-05  8.393e-05 5.9e-02  46   0  20  0.00
2025-06-09 23:53:27 GPS              2.136e-03 -3.257e-03  6.132e-04  3.940e-05  8.037e-05 7.3e-03  47   0  21  0.00
2025-06-09 23:53:28 GPS              2.215e-03 -2.835e-03  6.298e-04  5.146e-05  8.079e-05 1.5e-01  48   0  24  0.00
2025-06-09 23:53:25 PPS              4.205e-07  1.198e-08  1.819e-07 -8.209e-11  1.746e-08 1.3e-02  19   0   9  0.00
2025-06-09 23:53:29 GPS              2.220e-03 -2.707e-03  6.374e-04  4.735e-05  8.354e-05 5.1e-02  49   2  25  0.00
2025-06-09 23:53:30 GPS              2.201e-03 -2.751e-03  6.256e-04  4.447e-05  8.027e-05 3.4e-02  48   0  28  0.00
2025-06-09 23:53:31 GPS              2.184e-03 -2.803e-03  6.147e-04  4.147e-05  7.723e-05 3.7e-02  49   0  28  0.00
2025-06-09 23:53:32 GPS              2.175e-03 -2.897e-03  6.061e-04  3.737e-05  7.460e-05 5.3e-02  50   0  30  0.00
2025-06-09 23:53:29 PPS              4.143e-07 -5.836e-08  1.772e-07 -1.145e-09  1.578e-08 6.5e-02  20   0  10  0.00
2025-06-09 23:53:33 GPS              2.156e-03 -2.923e-03  5.950e-04  3.549e-05  7.178e-05 2.5e-02  51   0  28  0.00
====================================================================================================================
   Date (UTC) Time     IP Address    Std dev'n Est offset  Offset sd  Diff freq   Est skew  Stress  Ns  Bs  Nr  Asym
====================================================================================================================
2025-06-09 23:53:34 GPS              2.163e-03 -3.083e-03  5.914e-04  2.981e-05  6.996e-05 7.9e-02  52   0  28  0.00
2025-06-09 23:53:35 GPS              2.250e-03 -3.428e-03  6.095e-04  1.909e-05  7.072e-05 1.5e-01  53   0  26  0.00
2025-06-09 23:53:36 GPS              2.260e-03 -3.612e-03  6.066e-04  1.339e-05  6.907e-05 8.1e-02  54   0  26  0.00
2025-06-09 23:53:34 PPS              4.246e-07  1.133e-07  1.792e-07  1.853e-09  1.488e-08 1.3e-01  21   0  11  0.00
2025-06-09 23:53:37 GPS              2.252e-03 -3.728e-03  5.990e-04  9.848e-06  6.694e-05 5.1e-02  55   0  28  0.00
2025-06-09 23:53:38 GPS              2.258e-03 -3.902e-03  5.954e-04  4.863e-06  6.533e-05 7.4e-02  56   0  28  0.00
2025-06-09 23:53:39 GPS              2.238e-03 -3.863e-03  5.852e-04  5.784e-06  6.306e-05 1.4e-02  57   0  29  0.00
2025-06-09 23:53:40 GPS              2.219e-03 -3.817e-03  5.754e-04  6.833e-06  6.093e-05 1.7e-02  58   0  29  0.00
2025-06-09 23:53:39 PPS              4.171e-07 -4.349e-08  1.747e-07 -3.845e-10  1.347e-08 5.2e-02  22   0  12  0.00
2025-06-09 23:53:41 GPS              2.210e-03 -3.702e-03  5.681e-04  9.591e-06  5.912e-05 4.5e-02  59   0  29  0.00
2025-06-09 23:53:42 GPS              2.219e-03 -3.873e-03  5.657e-04  5.046e-06  5.789e-05 7.7e-02  60   0  30  0.00
2025-06-09 23:53:43 GPS              2.223e-03 -4.031e-03  5.623e-04  1.015e-06  5.658e-05 7.0e-02  61   0  30  0.00
2025-06-09 23:53:44 GPS              2.276e-03 -4.146e-03  5.850e-04  6.505e-07  6.089e-05 6.5e-03  62   3  27  0.00
2025-06-09 23:53:42 PPS              4.072e-07  9.451e-09  1.642e-07  8.687e-11  1.220e-08 1.2e-02  23   0  13  0.00
2025-06-09 23:53:45 GPS              2.360e-03 -4.365e-03  6.391e-04 -3.304e-06  7.416e-05 6.5e-02  60   7  23  0.00
2025-06-09 23:53:46 GPS              2.353e-03 -4.517e-03  6.316e-04 -7.487e-06  7.191e-05 5.6e-02  54   0  23  0.00
2025-06-09 23:53:47 GPS              1.893e-03 -7.400e-03  8.352e-04 -2.439e-04  3.144e-04 3.3e+00  55  36  10  0.00
2025-06-09 23:53:48 GPS              1.686e-03 -7.347e-03  8.839e-04 -2.419e-04  5.547e-04 6.5e-03  20   7   6  0.00
2025-06-09 23:53:46 PPS              3.990e-07 -2.407e-08  1.577e-07 -3.672e-10  1.114e-08 3.2e-02  24   0  14  0.00
2025-06-09 23:53:49 GPS              1.771e-03 -6.836e-03  8.985e-04 -1.581e-04  5.072e-04 1.5e-01  14   0   4  0.00
2025-06-09 23:53:50 GPS              1.758e-03 -6.824e-03  8.915e-04 -1.641e-04  5.033e-04 1.2e-02  15   1   4  0.00
2025-06-09 23:53:51 GPS              1.206e-03 -4.738e-03  7.414e-04  3.989e-04  8.416e-04 1.1e+00  15   6   7  0.00
2025-06-09 23:53:52 GPS              1.871e-03 -5.584e-03  1.207e-03  2.571e-04  1.720e-03 1.7e-01  10   2   5  0.00
2025-06-09 23:53:49 PPS              1.866e-06 -2.434e-06  1.285e-06 -1.746e-07  9.813e-07 1.6e+01  25  19   3  0.00
2025-06-09 23:53:53 GPS              2.131e-03 -7.966e-03  1.542e-03 -6.386e-04  4.389e-03 5.2e-01   9   3   3  0.00
2025-06-09 23:53:54 GPS              1.849e-03 -8.562e-03  1.338e-03 -8.385e-04  3.808e-03 4.6e-02   7   1   4  0.00
2025-06-09 23:53:55 GPS              1.768e-03 -8.511e-03  1.205e-03 -6.332e-04  2.297e-03 5.4e-02   7   0   5  0.00
2025-06-09 23:53:56 GPS              1.617e-03 -9.266e-03  1.044e-03 -6.578e-04  1.488e-03 1.1e-02   8   0   6  0.00
2025-06-09 23:53:54 PPS              2.124e-06  8.082e-07  1.581e-06 -1.273e-07  1.138e-06 4.8e-02   7   1   5  0.00
2025-06-09 23:53:57 GPS              1.822e-03 -8.610e-03  1.120e-03 -4.254e-04  1.272e-03 1.6e-01   9   0   5  0.00
2025-06-09 23:53:58 GPS              2.307e-03 -6.996e-03  1.490e-03  2.398e-05  2.122e-03 3.5e-01  10   2   3  0.00
2025-06-09 23:53:59 GPS              2.179e-03 -6.428e-03  1.339e-03  1.199e-04  1.521e-03 4.5e-02   9   0   3  0.00
====================================================================================================================
   Date (UTC) Time     IP Address    Std dev'n Est offset  Offset sd  Diff freq   Est skew  Stress  Ns  Bs  Nr  Asym
====================================================================================================================
2025-06-09 23:54:00 GPS              1.137e-03 -4.683e-03  6.987e-04  5.783e-04  7.931e-04 3.0e-01  10   1   7  0.00
2025-06-09 23:53:59 PPS              2.247e-06  1.062e-06  1.698e-06 -2.759e-08  1.181e-06 8.8e-02   7   1   3  0.00
2025-06-09 23:54:01 GPS              1.100e-03 -3.677e-03  6.759e-04  6.837e-04  7.672e-04 1.3e-01  10   1   6  0.00
2025-06-09 23:54:02 GPS              2.055e-03 -4.911e-03  1.326e-03  3.641e-04  1.889e-03 4.2e-01  10   2   3  0.00
2025-06-09 23:54:03 GPS              1.742e-03 -6.124e-03  1.187e-03 -1.831e-04  2.261e-03 2.9e-01   9   2   5  0.00
2025-06-09 23:54:04 GPS              1.605e-03 -6.018e-03  1.036e-03 -1.252e-04  1.476e-03 2.6e-02   8   0   6  0.00
2025-06-09 23:54:01 PPS              2.125e-06 -7.693e-08  1.665e-06 -2.930e-08  7.796e-07 1.5e-03   7   0   4  0.00
2025-06-09 23:54:05 GPS              1.496e-03 -5.918e-03  9.197e-04 -8.542e-05  1.045e-03 2.7e-02   9   0   6  0.00
2025-06-09 23:54:06 GPS              1.465e-03 -5.482e-03  8.610e-04 -3.075e-06  8.129e-04 7.9e-02  10   0   6  0.00
2025-06-09 23:54:07 GPS              1.384e-03 -5.588e-03  7.805e-04 -1.780e-05  6.308e-04 1.8e-02  11   0   7  0.00
2025-06-09 23:54:08 GPS              1.485e-03 -5.094e-03  8.378e-04  2.577e-05  6.769e-04 6.9e-02  12   1   7  0.00
2025-06-09 23:54:06 PPS              2.173e-06  1.050e-06  1.619e-06  8.471e-08  1.105e-06 1.5e-01   8   2   4  0.00
2025-06-09 23:54:09 GPS              1.456e-03 -4.659e-03  7.908e-04  7.923e-05  5.585e-04 7.9e-02  12   0   7  0.00
2025-06-09 23:54:10 GPS              1.388e-03 -4.565e-03  7.278e-04  8.097e-05  4.566e-04 3.1e-03  13   0   7  0.00
2025-06-09 23:54:11 GPS              1.417e-03 -4.993e-03  7.187e-04  2.451e-05  4.058e-04 1.2e-01  14   0   8  0.00
2025-06-09 23:54:12 GPS              1.495e-03 -5.585e-03  7.347e-04 -3.927e-05  3.771e-04 1.6e-01  15   0   8  0.00
2025-06-09 23:54:10 PPS              1.746e-06  4.437e-07  1.236e-06  1.537e-07  8.283e-07 6.2e-02   7   1   3  0.00
2025-06-09 23:54:13 GPS              1.471e-03 -5.334e-03  7.025e-04 -1.117e-05  3.303e-04 7.5e-02  16   0   9  0.00
2025-06-09 23:54:14 GPS              1.663e-03 -4.530e-03  7.727e-04  6.297e-05  3.354e-04 2.2e-01  17   0   9  0.00
2025-06-09 23:54:15 GPS              1.822e-03 -3.443e-03  8.958e-04  1.991e-04  4.595e-04 4.1e-01  18   3   9  0.00
2025-06-09 23:54:16 GPS              1.742e-03 -3.480e-03  8.559e-04  2.171e-04  4.392e-04 3.9e-02  16   1   7  0.00
2025-06-09 23:54:13 PPS              1.658e-06 -5.828e-07  1.053e-06  1.092e-07  5.125e-07 5.3e-02   7   0   5  0.00
2025-06-09 23:54:17 GPS              2.012e-03 -4.717e-03  9.886e-04  4.097e-05  5.075e-04 4.0e-01  16   1   7  0.00
2025-06-09 23:54:18 GPS              2.004e-03 -5.169e-03  9.566e-04 -6.709e-06  4.499e-04 9.4e-02  16   0   7  0.00
2025-06-09 23:54:19 GPS              1.759e-03 -8.593e-03  1.274e-03 -1.352e-03  3.626e-03 3.0e+00  17  11   3  0.00
2025-06-09 23:54:20 GPS              2.237e-03 -7.629e-03  1.620e-03 -6.890e-04  4.608e-03 1.8e-01   7   1   3  0.00
2025-06-09 23:54:17 PPS              1.581e-06 -4.512e-07  9.777e-07  7.585e-08  3.499e-07 6.1e-02   8   0   5  0.00
2025-06-09 23:54:21 GPS              1.125e-03 -6.923e-03  8.144e-04 -1.360e-05  2.316e-03 1.5e-01   7   1   6  0.00
2025-06-09 23:54:22 GPS              1.011e-03 -7.062e-03  6.885e-04 -4.256e-05  1.312e-03 1.3e-02   7   0   6  0.00
2025-06-09 23:54:23 GPS              9.226e-04 -7.126e-03  5.955e-04 -4.690e-05  8.484e-04 3.3e-03   8   0   6  0.00
2025-06-09 23:54:24 GPS              1.373e-03 -5.810e-03  8.444e-04  1.937e-04  9.586e-04 2.8e-01   9   0   7  0.00
2025-06-09 23:54:22 PPS              2.495e-07 -1.220e-06  1.595e-07 -4.359e-08  5.637e-08 3.2e-01   9   1   5  0.00
====================================================================================================================
   Date (UTC) Time     IP Address    Std dev'n Est offset  Offset sd  Diff freq   Est skew  Stress  Ns  Bs  Nr  Asym
====================================================================================================================
2025-06-09 23:54:25 GPS              1.574e-03 -6.714e-03  9.249e-04  2.033e-05  8.737e-04 1.8e-01  10   0   8  0.00
2025-06-09 23:54:26 GPS              1.484e-03 -6.673e-03  8.373e-04  2.323e-05  6.766e-04 3.3e-03  11   0   9  0.00
2025-06-09 23:54:27 GPS              1.409e-03 -6.582e-03  7.654e-04  3.209e-05  5.406e-04 1.3e-02  12   0   9  0.00
2025-06-09 23:54:28 GPS              1.344e-03 -6.556e-03  7.044e-04  3.128e-05  4.420e-04 1.5e-03  13   0  10  0.00
2025-06-09 23:54:26 PPS              3.708e-07  3.431e-07  2.173e-07  1.236e-08  6.451e-08 2.8e-01   9   0   5  0.00
2025-06-09 23:54:29 GPS              1.413e-03 -7.128e-03  7.161e-04 -3.564e-05  4.044e-04 1.5e-01  14   0   8  0.00
2025-06-09 23:54:30 GPS              1.357e-03 -7.190e-03  6.673e-04 -3.840e-05  3.424e-04 6.8e-03  15   0   8  0.00
2025-06-09 23:54:31 GPS              1.483e-03 -6.550e-03  7.082e-04  2.728e-05  3.330e-04 1.9e-01  16   0  11  0.00
2025-06-09 23:54:32 GPS              1.443e-03 -6.357e-03  6.704e-04  4.230e-05  2.910e-04 4.5e-02  17   0  11  0.00
2025-06-09 23:54:30 PPS              3.522e-07  8.494e-08  1.992e-07  5.855e-09  4.915e-08 5.1e-02  10   0   5  0.00
2025-06-09 23:54:33 GPS              1.629e-03 -5.546e-03  7.373e-04  1.082e-04  2.972e-04 2.3e-01  18   0  11  0.00
2025-06-09 23:54:34 GPS              1.598e-03 -5.230e-03  7.050e-04  1.250e-04  2.653e-04 5.7e-02  19   0  11  0.00
2025-06-09 23:54:35 GPS              1.563e-03 -4.944e-03  6.738e-04  1.374e-04  2.377e-04 4.7e-02  20   0  11  0.00
2025-06-09 23:54:36 GPS              1.537e-03 -4.989e-03  6.473e-04  1.241e-04  2.150e-04 5.6e-02  21   0  12  0.00
2025-06-09 23:54:33 PPS              3.329e-07  4.104e-08  1.796e-07  2.297e-09  3.861e-08 3.0e-02  11   0   5  0.00
2025-06-09 23:54:37 GPS              1.522e-03 -5.092e-03  6.275e-04  1.083e-04  1.969e-04 7.3e-02  22   0  12  0.00
2025-06-09 23:54:38 GPS              1.739e-03 -5.721e-03  7.018e-04  5.912e-05  2.087e-04 2.5e-01  23   0  10  0.00
2025-06-09 23:54:39 GPS              1.699e-03 -5.695e-03  6.725e-04  5.701e-05  1.900e-04 1.0e-02  24   0  10  0.00
2025-06-09 23:54:40 GPS              1.696e-03 -5.373e-03  6.584e-04  7.321e-05  1.772e-04 8.5e-02  25   0  11  0.00
2025-06-09 23:54:38 PPS              4.192e-07 -3.213e-07  2.278e-07 -1.027e-08  4.057e-08 2.7e-01  12   0   6  0.00
2025-06-09 23:54:41 GPS              1.801e-03 -5.011e-03  7.589e-04  1.019e-04  2.520e-04 1.6e-01  26   5   8  0.00
2025-06-09 23:54:42 GPS              1.790e-03 -5.200e-03  7.379e-04  8.161e-05  2.316e-04 8.1e-02  22   0   9  0.00
2025-06-09 23:54:43 GPS              2.094e-03 -4.704e-03  1.062e-03  6.792e-05  5.993e-04 5.9e-02  23   9   8  0.00
2025-06-09 23:54:44 GPS              2.109e-03 -5.599e-03  1.069e-03 -6.793e-05  6.037e-04 2.3e-01  15   1   8  0.00
2025-06-09 23:54:43 PPS              4.258e-07 -1.782e-07  2.244e-07 -7.579e-09  3.503e-08 1.3e-01  13   0   6  0.00
2025-06-09 23:54:45 GPS              2.867e-03 -3.635e-03  1.410e-03  1.423e-04  7.231e-04 3.5e-01  15   0   9  0.00
2025-06-09 23:54:46 GPS              2.780e-03 -3.789e-03  1.327e-03  1.137e-04  6.240e-04 4.0e-02  16   0  10  0.00
2025-06-09 23:54:47 GPS              2.697e-03 -3.907e-03  1.252e-03  9.260e-05  5.437e-04 3.4e-02  17   0  10  0.00
2025-06-09 23:54:48 GPS              2.916e-03 -5.005e-03  1.319e-03 -9.465e-06  5.318e-04 1.9e-01  18   0  10  0.00
2025-06-09 23:54:45 PPS              4.206e-07 -3.879e-08  2.166e-07 -2.337e-09  3.152e-08 3.1e-02  14   0   7  0.00
2025-06-09 23:54:49 GPS              2.831e-03 -5.128e-03  1.249e-03 -1.860e-05  4.702e-04 1.7e-02  19   0  10  0.00
2025-06-09 23:54:50 GPS              3.028e-03 -4.909e-03  1.446e-03  3.624e-05  6.799e-04 1.2e-01  20   4   8  0.00
====================================================================================================================
   Date (UTC) Time     IP Address    Std dev'n Est offset  Offset sd  Diff freq   Est skew  Stress  Ns  Bs  Nr  Asym
====================================================================================================================
2025-06-09 23:54:51 GPS              2.975e-03 -4.363e-03  1.382e-03  8.258e-05  5.999e-04 6.8e-02  17   0   9  0.00
2025-06-09 23:54:52 GPS              2.881e-03 -4.293e-03  1.303e-03  8.153e-05  5.254e-04 1.8e-03  18   0  10  0.00
2025-06-09 23:54:50 PPS              4.725e-07  2.783e-07  2.380e-07  6.904e-09  3.064e-08 2.3e-01  15   0   7  0.00
2025-06-09 23:54:53 GPS              2.815e-03 -3.913e-03  1.242e-03  1.057e-04  4.674e-04 4.6e-02  19   0  11  0.00
2025-06-09 23:54:54 GPS              2.743e-03 -3.986e-03  1.182e-03  9.193e-05  4.171e-04 2.9e-02  20   0  12  0.00
2025-06-09 23:54:55 GPS              2.765e-03 -3.280e-03  1.165e-03  1.368e-04  3.869e-04 1.1e-01  21   0  13  0.00
2025-06-09 23:54:56 GPS              2.729e-03 -3.502e-03  1.125e-03  1.119e-04  3.530e-04 6.5e-02  22   0  14  0.00
2025-06-09 23:54:53 PPS              4.978e-07 -1.335e-07  2.482e-07 -1.879e-09  2.953e-08 1.1e-01  16   0   8  0.00
2025-06-09 23:54:57 GPS              2.679e-03 -3.627e-03  1.082e-03  9.606e-05  3.216e-04 4.5e-02  23   0  14  0.00
2025-06-09 23:54:58 GPS              2.618e-03 -3.588e-03  1.036e-03  9.239e-05  2.928e-04 1.1e-02  24   0  14  0.00
2025-06-09 23:54:59 GPS              2.561e-03 -3.535e-03  9.945e-04  9.000e-05  2.676e-04 8.2e-03  25   0  14  0.00
2025-06-09 23:55:00 GPS              2.532e-03 -3.174e-03  9.652e-04  1.059e-04  2.479e-04 6.0e-02  26   0  15  0.00
2025-06-09 23:54:58 PPS              4.837e-07  7.407e-08  2.341e-07  1.336e-09  2.517e-08 5.8e-02  17   0   9  0.00
2025-06-09 23:55:01 GPS              2.497e-03 -3.281e-03  9.348e-04  9.390e-05  2.298e-04 4.9e-02  27   0  16  0.00
2025-06-09 23:55:02 GPS              2.472e-03 -2.930e-03  9.100e-04  1.079e-04  2.144e-04 6.1e-02  28   0  17  0.00
2025-06-09 23:55:03 GPS              2.467e-03 -3.148e-03  8.928e-04  9.079e-05  2.020e-04 8.0e-02  29   0  18  0.00
2025-06-09 23:55:04 GPS              2.455e-03 -3.344e-03  8.743e-04  7.621e-05  1.902e-04 7.2e-02  30   0  18  0.00
2025-06-09 23:55:02 PPS              4.763e-07 -9.793e-08  2.204e-07 -1.876e-09  2.208e-08 8.4e-02  18   0  10  0.00
2025-06-09 23:55:05 GPS              2.428e-03 -3.464e-03  8.515e-04  6.651e-05  1.784e-04 5.1e-02  31   0  18  0.00
2025-06-09 23:55:06 GPS              2.459e-03 -3.808e-03  8.493e-04  4.698e-05  1.716e-04 1.1e-01  32   0  16  0.00
2025-06-09 23:55:07 GPS              2.452e-03 -3.487e-03  8.346e-04  5.962e-05  1.628e-04 7.4e-02  33   0  17  0.00
2025-06-09 23:55:08 GPS              2.417e-03 -3.516e-03  8.109e-04  5.568e-05  1.530e-04 2.4e-02  34   0  18  0.00
2025-06-09 23:55:07 PPS              4.783e-07  1.291e-07  2.165e-07  2.255e-09  1.990e-08 1.2e-01  19   0  11  0.00
2025-06-09 23:55:09 GPS              2.398e-03 -3.260e-03  7.938e-04  6.436e-05  1.449e-04 5.7e-02  35   0  19  0.00
2025-06-09 23:55:10 GPS              2.369e-03 -3.309e-03  7.735e-04  5.961e-05  1.369e-04 3.3e-02  36   0  20  0.00
2025-06-09 23:55:11 GPS              2.342e-03 -3.369e-03  7.548e-04  5.467e-05  1.295e-04 3.6e-02  37   0  20  0.00
2025-06-09 23:55:12 GPS              2.402e-03 -3.737e-03  7.640e-04  3.779e-05  1.273e-04 1.3e-01  38   0  20  0.00
2025-06-09 23:55:09 PPS              4.704e-07 -7.171e-08  2.005e-07 -9.701e-10  1.785e-08 7.0e-02  20   0  12  0.00
2025-06-09 23:55:13 GPS              2.375e-03 -3.801e-03  7.461e-04  3.381e-05  1.207e-04 3.1e-02  39   0  20  0.00
2025-06-09 23:55:14 GPS              2.413e-03 -4.127e-03  7.488e-04  2.015e-05  1.179e-04 1.1e-01  40   0  18  0.00
2025-06-09 23:55:15 GPS              2.384e-03 -4.782e-03  7.682e-04 -2.194e-05  1.318e-04 3.6e-01  41   4  21  0.00
2025-06-09 23:55:16 GPS              2.351e-03 -4.801e-03  7.479e-04 -2.182e-05  1.246e-04 8.8e-04  38   0  22  0.00
====================================================================================================================
   Date (UTC) Time     IP Address    Std dev'n Est offset  Offset sd  Diff freq   Est skew  Stress  Ns  Bs  Nr  Asym
====================================================================================================================
2025-06-09 23:55:14 PPS              4.645e-07 -7.357e-08  1.945e-07 -1.519e-09  1.618e-08 7.5e-02  21   0  12  0.00
2025-06-09 23:55:17 GPS              2.192e-03 -4.427e-03  7.809e-04 -1.950e-06  1.699e-04 1.6e-01  39   9  12  0.00
2025-06-09 23:55:18 GPS              2.154e-03 -4.418e-03  7.553e-04 -1.396e-06  1.582e-04 3.3e-03  31   0  12  0.00
2025-06-09 23:55:19 GPS              2.122e-03 -4.328e-03  7.329e-04  2.976e-06  1.481e-04 2.8e-02  32   0  14  0.00
2025-06-09 23:55:20 GPS              1.896e-03 -4.978e-03  7.363e-04 -4.629e-05  1.982e-04 3.3e-01  33   8   9  0.00
2025-06-09 23:55:18 PPS              5.107e-07  1.417e-07  2.157e-07  2.184e-09  1.677e-08 1.5e-01  22   0  13  0.00
2025-06-09 23:55:21 GPS              1.883e-03 -4.783e-03  7.177e-04 -3.213e-05  1.844e-04 7.1e-02  26   0  10  0.00
2025-06-09 23:55:22 GPS              1.851e-03 -4.934e-03  6.932e-04 -3.885e-05  1.704e-04 3.6e-02  27   0  11  0.00
2025-06-09 23:55:23 GPS              1.880e-03 -5.335e-03  6.918e-04 -5.861e-05  1.630e-04 1.2e-01  28   0  13  0.00
2025-06-09 23:55:24 GPS              1.922e-03 -5.787e-03  6.955e-04 -7.930e-05  1.574e-04 1.3e-01  29   0  13  0.00
2025-06-09 23:55:23 PPS              6.255e-07  3.529e-07  2.592e-07  6.295e-09  1.883e-08 3.4e-01  23   0  13  0.00
2025-06-09 23:55:25 GPS              1.887e-03 -5.850e-03  6.722e-04 -7.846e-05  1.463e-04 5.4e-03  30   0  14  0.00
2025-06-09 23:55:26 GPS              1.870e-03 -6.100e-03  6.558e-04 -8.692e-05  1.374e-04 5.8e-02  31   0  15  0.00
2025-06-09 23:55:27 GPS              1.841e-03 -6.127e-03  6.358e-04 -8.403e-05  1.285e-04 2.1e-02  32   0  16  0.00
2025-06-09 23:55:28 GPS              1.812e-03 -6.265e-03  6.169e-04 -8.652e-05  1.204e-04 1.9e-02  33   0  17  0.00
2025-06-09 23:55:26 PPS              6.183e-07  8.971e-08  2.433e-07  3.096e-09  1.726e-08 7.4e-02  24   0  11  0.00
2025-06-09 23:55:29 GPS              1.851e-03 -6.018e-03  6.212e-04 -7.158e-05  1.172e-04 1.2e-01  34   0  16  0.00
2025-06-09 23:55:30 GPS              2.149e-03 -5.454e-03  7.657e-04 -4.158e-05  1.666e-04 2.6e-01  35   5  12  0.00
2025-06-09 23:55:31 GPS              2.208e-03 -5.105e-03  8.270e-04 -1.559e-05  2.033e-04 1.6e-01  31   4  10  0.00
2025-06-09 23:55:32 GPS              2.209e-03 -5.086e-03  8.272e-04 -1.441e-05  2.033e-04 5.8e-03  28   1  10  0.00
2025-06-09 23:55:30 PPS              6.114e-07  8.282e-08  2.364e-07  1.800e-09  1.589e-08 7.2e-02  25   0  11  0.00
2025-06-09 23:55:33 GPS              2.167e-03 -5.146e-03  7.975e-04 -1.687e-05  1.879e-04 1.2e-02  28   0  11  0.00
2025-06-09 23:55:34 GPS              2.197e-03 -5.567e-03  7.953e-04 -3.816e-05  1.800e-04 1.1e-01  29   0  11  0.00
2025-06-09 23:55:35 GPS              2.164e-03 -5.726e-03  7.709e-04 -4.432e-05  1.677e-04 3.4e-02  30   0  11  0.00
2025-06-09 23:55:36 GPS              2.136e-03 -5.630e-03  7.491e-04 -3.740e-05  1.569e-04 4.1e-02  31   0  12  0.00
2025-06-09 23:55:33 PPS              7.432e-07  6.979e-07  3.368e-07  2.390e-08  4.096e-08 1.5e+00  26  10  11  0.00
2025-06-09 23:55:37 GPS              2.104e-03 -5.574e-03  7.270e-04 -3.293e-05  1.469e-04 2.9e-02  32   0  12  0.00
2025-06-09 23:55:38 GPS              2.074e-03 -5.518e-03  7.061e-04 -2.881e-05  1.378e-04 2.8e-02  33   0  12  0.00
2025-06-09 23:55:39 GPS              2.031e-03 -4.264e-03  9.697e-04  1.272e-04  4.559e-04 1.1e+00  34  18  10  0.00
2025-06-09 23:55:40 GPS              1.672e-03 -3.879e-03  9.832e-04  2.106e-04  9.280e-04 1.8e-01  17   7   5  0.00
2025-06-09 23:55:39 PPS              6.354e-07  6.907e-07  3.637e-07  4.691e-08  7.073e-08 7.6e-01  17   6   7  0.00
2025-06-09 23:55:41 GPS              1.817e-03 -4.473e-03  1.068e-03  1.697e-04  1.008e-03 4.4e-02  11   1   4  0.00
====================================================================================================================
   Date (UTC) Time     IP Address    Std dev'n Est offset  Offset sd  Diff freq   Est skew  Stress  Ns  Bs  Nr  Asym
====================================================================================================================
2025-06-09 23:55:42 GPS              1.735e-03 -4.615e-03  9.783e-04  1.251e-04  7.906e-04 4.4e-02  11   0   4  0.00
2025-06-09 23:55:43 GPS              1.656e-03 -4.285e-03  8.992e-04  1.519e-04  6.351e-04 3.4e-02  12   0   5  0.00
2025-06-09 23:55:44 GPS              1.761e-03 -4.967e-03  9.226e-04  5.186e-05  5.791e-04 1.6e-01  13   0   6  0.00
2025-06-09 23:55:42 PPS              6.087e-07 -3.740e-08  3.247e-07  2.293e-08  5.737e-08 4.2e-02  12   0   8  0.00
2025-06-09 23:55:45 GPS              1.786e-03 -5.185e-03  9.359e-04  3.541e-05  5.873e-04 2.8e-02  14   1   6  0.00
2025-06-09 23:55:46 GPS              1.710e-03 -5.162e-03  8.670e-04  3.401e-05  4.895e-04 2.4e-03  14   0   6  0.00
2025-06-09 23:55:47 GPS              1.681e-03 -4.773e-03  8.264e-04  7.081e-05  4.240e-04 7.5e-02  15   0   7  0.00
2025-06-09 23:55:48 GPS              1.621e-03 -4.630e-03  7.741e-04  7.777e-05  3.640e-04 1.6e-02  16   0   7  0.00
2025-06-09 23:55:46 PPS              6.075e-07 -1.871e-07  3.164e-07 -2.100e-09  4.902e-08 1.0e-01  13   0   8  0.00
2025-06-09 23:55:49 GPS              1.693e-03 -5.729e-03  8.322e-04 -7.570e-05  4.272e-04 4.2e-01  17   2   9  0.00
2025-06-09 23:55:50 GPS              1.974e-03 -7.166e-03  1.113e-03 -2.886e-04  9.001e-04 5.0e-01  16   5   6  0.00
2025-06-09 23:55:51 GPS              1.882e-03 -7.668e-03  1.022e-03 -3.165e-04  7.223e-04 3.1e-02  12   0   6  0.00
2025-06-09 23:55:52 GPS              1.828e-03 -7.616e-03  9.581e-04 -2.721e-04  6.013e-04 6.1e-02  13   0   7  0.00
2025-06-09 23:55:51 PPS              5.934e-07 -1.297e-07  3.011e-07 -3.793e-09  4.153e-08 7.1e-02  14   0   8  0.00
2025-06-09 23:55:53 GPS              1.770e-03 -7.611e-03  8.978e-04 -2.413e-04  5.069e-04 5.1e-02  14   0   7  0.00
2025-06-09 23:55:54 GPS              1.773e-03 -7.351e-03  8.718e-04 -1.895e-04  4.473e-04 1.0e-01  15   0   7  0.00
2025-06-09 23:55:55 GPS              1.630e-03 -6.912e-03  8.012e-04 -9.039e-05  4.111e-04 2.2e-01  16   1   8  0.00
2025-06-09 23:55:56 GPS              1.557e-03 -7.021e-03  7.655e-04 -1.184e-04  3.928e-04 6.8e-02  16   1   5  0.00
2025-06-09 23:55:54 PPS              5.705e-07 -3.389e-08  2.738e-07 -1.478e-09  3.534e-08 2.0e-02  15   0   8  0.00
2025-06-09 23:55:57 GPS              6.034e-04 -4.896e-03  4.112e-04  4.675e-04  7.830e-04 1.5e+00  16   9   6  0.00
2025-06-09 23:55:58 GPS              8.375e-04 -5.271e-03  5.404e-04  2.991e-04  7.698e-04 2.2e-01   8   0   7  0.00
2025-06-09 23:55:59 GPS              8.046e-04 -5.245e-03  4.945e-04  2.510e-04  5.616e-04 6.2e-02   9   0   7  0.00
2025-06-09 23:56:00 GPS              7.585e-04 -5.107e-03  4.458e-04  2.331e-04  4.208e-04 3.2e-02  10   0   7  0.00
2025-06-09 23:55:57 PPS              5.934e-07 -1.235e-08  2.993e-07  2.024e-09  4.862e-08 6.4e-02  16   3   5  0.00
2025-06-09 23:56:01 GPS              7.613e-04 -5.176e-03  4.294e-04  1.900e-04  3.470e-04 1.0e-01  11   0   7  0.00
2025-06-09 23:56:02 GPS              8.631e-04 -5.510e-03  4.686e-04  1.216e-04  3.310e-04 2.0e-01  12   0   7  0.00
2025-06-09 23:56:03 GPS              8.687e-04 -5.091e-03  4.554e-04  1.573e-04  2.857e-04 1.1e-01  13   0   8  0.00
2025-06-09 23:56:04 GPS              8.375e-04 -5.035e-03  4.247e-04  1.461e-04  2.397e-04 3.9e-02  14   0   9  0.00
2025-06-09 23:56:02 PPS              5.868e-07 -1.495e-07  2.916e-07 -3.499e-09  4.200e-08 8.7e-02  14   0   7  0.00
2025-06-09 23:56:05 GPS              8.150e-04 -5.018e-03  4.006e-04  1.326e-04  2.056e-04 5.6e-02  15   0   9  0.00
2025-06-09 23:56:06 GPS              7.808e-04 -5.458e-03  3.838e-04  5.418e-05  1.970e-04 3.8e-01  16   1   9  0.00
2025-06-09 23:56:07 GPS              1.060e-03 -6.129e-03  5.061e-04 -1.596e-05  2.381e-04 3.6e-01  16   0   9  0.00
====================================================================================================================
   Date (UTC) Time     IP Address    Std dev'n Est offset  Offset sd  Diff freq   Est skew  Stress  Ns  Bs  Nr  Asym
====================================================================================================================
2025-06-09 23:56:08 GPS              1.083e-03 -5.813e-03  5.030e-04  1.421e-05  2.184e-04 1.3e-01  17   0  10  0.00
2025-06-09 23:56:06 PPS              5.969e-07 -8.900e-08  3.128e-07 -3.031e-09  3.941e-08 5.4e-02  15   0   7  0.00
2025-06-09 23:56:09 GPS              1.052e-03 -5.880e-03  4.761e-04  7.266e-06  1.919e-04 3.2e-02  18   0  11  0.00
2025-06-09 23:56:10 GPS              1.427e-03 -4.980e-03  6.298e-04  7.960e-05  2.369e-04 3.8e-01  19   0  12  0.00
2025-06-09 23:56:11 GPS              1.492e-03 -4.418e-03  6.433e-04  1.167e-04  2.270e-04 1.6e-01  20   0  10  0.00
2025-06-09 23:56:12 GPS              1.647e-03 -1.158e-03  1.122e-03  1.095e-03  2.136e-03 4.3e+00  21  14   6  0.00
2025-06-09 23:56:11 PPS              6.080e-07 -5.222e-08  3.411e-07 -1.838e-09  3.778e-08 3.1e-02  16   0   7  0.00
2025-06-09 23:56:13 GPS              2.005e-03 -1.836e-03  1.293e-03  7.411e-04  1.842e-03 1.7e-01   8   0   6  0.00
2025-06-09 23:56:14 GPS              1.978e-03 -1.960e-03  1.215e-03  5.882e-04  1.380e-03 8.3e-02   9   0   6  0.00
2025-06-09 23:56:15 GPS              1.858e-03 -1.166e-03  1.092e-03  6.205e-04  1.031e-03 2.3e-02  10   0   7  0.00
2025-06-09 23:56:16 GPS              2.832e-03 -3.117e-03  1.596e-03  2.538e-04  1.290e-03 3.6e-01  11   0   7  0.00
2025-06-09 23:56:14 PPS              6.077e-07 -2.150e-07  3.110e-07 -5.208e-09  3.235e-08 1.3e-01  17   0   7  0.00
2025-06-09 23:56:17 GPS              2.847e-03 -3.909e-03  1.545e-03  1.173e-04  1.092e-03 1.1e-01  12   0   5  0.00
2025-06-09 23:56:18 GPS              2.171e-03 -6.954e-03  1.401e-03 -7.706e-04  1.998e-03 8.1e-01  13   5   6  0.00
2025-06-09 23:56:19 GPS              2.230e-03 -6.500e-03  1.371e-03 -5.541e-04  1.558e-03 1.1e-01   9   0   6  0.00
2025-06-09 23:56:20 GPS              3.099e-03 -4.059e-03  2.002e-03  8.823e-05  2.849e-03 4.1e-01  10   2   3  0.00
2025-06-09 23:56:17 PPS              6.027e-07 -1.570e-07  2.855e-07 -4.289e-09  2.832e-08 1.0e-01  18   0   7  0.00
2025-06-09 23:56:21 GPS              1.142e-03  2.459e-04  8.264e-04  1.845e-03  2.346e-03 6.2e-01   9   3   4  0.00
2025-06-09 23:56:22 GPS              1.251e-03  1.473e-03  9.055e-04  1.717e-03  2.571e-03 5.5e-02   7   1   4  0.00
2025-06-09 23:56:23 GPS              3.008e-03 -5.357e-04  2.175e-03  7.806e-04  6.186e-03 3.6e-01   7   1   3  0.00
2025-06-09 23:56:24 GPS              2.773e-03 -2.945e-03  2.006e-03 -3.301e-04  5.710e-03 1.8e-01   7   1   3  0.00
2025-06-09 23:56:22 PPS              5.903e-07 -1.001e-07  2.695e-07 -2.722e-09  2.479e-08 7.0e-02  19   0   7  0.00
2025-06-09 23:56:25 GPS              1.637e-03 -4.637e-03  1.185e-03 -1.050e-03  3.374e-03 1.3e-01   7   1   4  0.00
2025-06-09 23:56:26 GPS              1.495e-03 -6.109e-03  1.019e-03 -1.148e-03  1.943e-03 2.9e-02   7   0   5  0.00
2025-06-09 23:56:27 GPS              1.354e-03 -7.595e-03  9.228e-04 -1.309e-03  1.760e-03 8.3e-02   8   1   6  0.00
2025-06-09 23:56:28 GPS              2.142e-03 -6.567e-03  1.384e-03 -8.404e-04  1.971e-03 2.7e-01   8   0   5  0.00
2025-06-09 23:56:26 PPS              3.791e-07 -3.748e-07  1.829e-07 -1.333e-08  2.066e-08 5.2e-01  20   4   7  0.00
2025-06-09 23:56:29 GPS              2.743e-03 -4.644e-03  1.772e-03 -2.363e-04  2.522e-03 3.1e-01   9   1   3  0.00
2025-06-09 23:56:30 GPS              2.605e-03  4.124e-04  1.887e-03  1.482e-03  5.355e-03 6.8e-01   9   3   3  0.00
2025-06-09 23:56:31 GPS              2.286e-03  1.182e-03  1.653e-03  1.635e-03  4.697e-03 2.9e-02   7   1   4  0.00
2025-06-09 23:56:32 GPS              2.269e-03  2.951e-03  1.642e-03  1.713e-03  4.663e-03 1.7e-02   7   1   3  0.00
2025-06-09 23:56:29 PPS              2.916e-07 -4.165e-07  1.578e-07 -2.076e-08  4.838e-08 9.0e-01  17   8   3  0.00
====================================================================================================================
   Date (UTC) Time     IP Address    Std dev'n Est offset  Offset sd  Diff freq   Est skew  Stress  Ns  Bs  Nr  Asym
====================================================================================================================
2025-06-09 23:56:33 GPS              2.417e-03  2.803e-03  1.646e-03  1.285e-03  3.133e-03 9.2e-02   7   0   5  0.00
2025-06-09 23:56:34 GPS              2.960e-03  1.453e-03  1.909e-03  7.589e-04  2.719e-03 1.7e-01   8   0   5  0.00
2025-06-09 23:56:35 GPS              2.781e-03 -1.341e-03  1.794e-03 -1.500e-04  2.558e-03 3.3e-01   9   1   5  0.00
2025-06-09 23:56:36 GPS              2.271e-03 -2.747e-03  1.466e-03 -5.730e-04  2.089e-03 1.7e-01   9   1   6  0.00
2025-06-09 23:56:33 PPS              3.785e-07 -4.209e-07  3.409e-07 -4.874e-08  2.399e-07 7.8e-01  10   4   3  0.00
2025-06-09 23:56:37 GPS              2.103e-03 -3.393e-03  1.293e-03 -5.861e-04  1.469e-03 6.3e-03   9   0   7  0.00
2025-06-09 23:56:38 GPS              1.838e-03 -4.185e-03  1.187e-03 -6.890e-04  1.692e-03 7.0e-02  10   2   6  0.00
2025-06-09 23:56:39 GPS              1.794e-03 -4.372e-03  1.158e-03 -7.090e-04  1.650e-03 1.2e-02   9   1   3  0.00
2025-06-09 23:56:40 GPS              1.127e-03 -1.880e-03  7.680e-04  2.844e-04  1.462e-03 6.0e-01   9   2   5  0.00
2025-06-09 23:56:37 PPS              1.567e-06 -3.950e-06  1.215e-06 -3.060e-07  8.152e-07 1.1e+00   7   1   3  0.00
2025-06-09 23:56:41 GPS              1.047e-03  8.076e-06  7.577e-04  7.892e-04  2.153e-03 3.5e-01   8   2   3  0.00
2025-06-09 23:56:42 GPS              6.021e-04  2.110e-03  4.358e-04  1.282e-03  1.238e-03 2.3e-01   7   1   3  0.00
2025-06-09 23:56:43 GPS              1.830e-03  1.184e-03  1.323e-03  7.688e-04  3.763e-03 4.1e-01   7   1   3  0.00
2025-06-09 23:56:44 GPS              2.963e-03 -2.276e-03  2.142e-03 -4.758e-04  6.101e-03 3.3e-01   7   1   3  0.00
2025-06-09 23:56:41 PPS              2.223e-06  1.761e-06  1.566e-06 -2.027e-07  1.116e-06 1.2e-01   7   1   4  0.00
2025-06-09 23:56:45 GPS              2.346e-03 -4.667e-03  1.698e-03 -1.272e-03  4.835e-03 1.3e-01   7   1   3  0.00
2025-06-09 23:56:46 GPS              2.265e-03 -5.233e-03  1.640e-03 -1.322e-03  4.667e-03 1.0e-02   7   1   4  0.00
2025-06-09 23:56:47 GPS              2.508e-03 -5.191e-03  1.816e-03 -1.009e-03  5.167e-03 6.7e-02   7   1   3  0.00
2025-06-09 23:56:48 GPS              1.605e-03 -4.278e-03  1.162e-03 -1.944e-04  3.304e-03 1.6e-01   7   1   3  0.00
2025-06-09 23:56:45 PPS              2.645e-06  1.781e-06  1.793e-06 -6.294e-08  1.314e-06 1.2e-01   7   1   3  0.00
2025-06-09 23:56:49 GPS              1.461e-03 -4.088e-03  9.957e-04 -1.054e-04  1.897e-03 2.7e-02   7   0   5  0.00
2025-06-09 23:56:50 GPS              9.681e-04 -2.353e-03  7.009e-04  4.432e-04  1.992e-03 2.9e-01   8   2   4  0.00
2025-06-09 23:56:51 GPS              9.446e-04 -1.374e-03  6.437e-04  5.667e-04  1.225e-03 6.2e-02   7   0   4  0.00
2025-06-09 23:56:52 GPS              9.655e-04 -1.388e-03  6.231e-04  4.508e-04  8.873e-04 9.5e-02   8   0   5  0.00
2025-06-09 23:56:50 PPS              2.439e-06  9.117e-07  1.615e-06  9.343e-10  7.566e-07 4.4e-02   7   0   3  0.00
2025-06-09 23:56:53 GPS              1.812e-03 -2.935e-03  1.113e-03  9.877e-05  1.265e-03 4.0e-01   9   0   5  0.00
2025-06-09 23:56:54 GPS              1.982e-03 -4.075e-03  1.164e-03 -9.694e-05  1.100e-03 1.5e-01  10   0   5  0.00
2025-06-09 23:56:55 GPS              1.872e-03 -4.044e-03  1.056e-03 -7.864e-05  8.533e-04 1.7e-02  11   0   6  0.00
2025-06-09 23:56:56 GPS              1.984e-03 -3.140e-03  1.078e-03  4.957e-05  7.610e-04 1.5e-01  12   0   6  0.00
2025-06-09 23:56:55 PPS              2.208e-06 -7.445e-09  1.409e-06  1.008e-10  4.767e-07 5.6e-04   8   0   4  0.00
2025-06-09 23:56:57 GPS              1.892e-03 -3.131e-03  9.916e-04  4.465e-05  6.222e-04 6.5e-03  13   0   7  0.00
2025-06-09 23:56:58 GPS              1.812e-03 -3.143e-03  9.189e-04  3.840e-05  5.188e-04 1.0e-02  14   0   7  0.00
====================================================================================================================
   Date (UTC) Time     IP Address    Std dev'n Est offset  Offset sd  Diff freq   Est skew  Stress  Ns  Bs  Nr  Asym
====================================================================================================================
2025-06-09 23:56:59 GPS              1.776e-03 -2.752e-03  8.734e-04  7.485e-05  4.481e-04 7.0e-02  15   0   8  0.00
2025-06-09 23:57:00 GPS              1.766e-03 -3.099e-03  8.431e-04  3.400e-05  3.965e-04 9.1e-02  16   0   9  0.00
2025-06-09 23:56:58 PPS              1.934e-06  1.721e-06  1.359e-06  1.801e-07  9.296e-07 3.8e-01   9   3   3  0.00
2025-06-09 23:57:01 GPS              1.715e-03 -3.232e-03  7.965e-04  1.899e-05  3.458e-04 3.8e-02  17   0   9  0.00
2025-06-09 23:57:02 GPS              1.708e-03 -2.844e-03  7.730e-04  5.055e-05  3.116e-04 9.1e-02  18   0  10  0.00
2025-06-09 23:57:03 GPS              1.936e-03 -1.898e-03  8.546e-04  1.232e-04  3.215e-04 2.3e-01  19   0  10  0.00
2025-06-09 23:57:04 GPS              1.923e-03 -2.122e-03  8.285e-04  9.651e-05  2.924e-04 8.3e-02  20   0  11  0.00
2025-06-09 23:57:01 PPS              6.614e-07 -1.451e-06  5.435e-07 -8.025e-08  3.588e-07 1.9e-01   7   1   5  0.00
2025-06-09 23:57:05 GPS              1.877e-03 -1.897e-03  7.910e-04  1.058e-04  2.627e-04 3.2e-02  21   0  12  0.00
2025-06-09 23:57:06 GPS              1.850e-03 -1.565e-03  7.627e-04  1.216e-04  2.393e-04 6.0e-02  22   0  12  0.00
2025-06-09 23:57:07 GPS              1.854e-03 -1.787e-03  7.484e-04  9.870e-05  2.225e-04 9.6e-02  23   0  13  0.00
2025-06-09 23:57:08 GPS              1.865e-03 -1.331e-03  7.383e-04  1.215e-04  2.085e-04 1.0e-01  24   0  14  0.00
2025-06-09 23:57:07 PPS              5.998e-07 -2.803e-07  4.360e-07 -1.897e-08  1.815e-07 3.8e-02   7   0   5  0.00
2025-06-09 23:57:09 GPS              2.062e-03 -4.542e-04  8.009e-04  1.677e-04  2.155e-04 2.2e-01  25   0  14  0.00
2025-06-09 23:57:10 GPS              2.019e-03 -2.660e-04  7.695e-04  1.689e-04  1.977e-04 5.8e-03  26   0  14  0.00
2025-06-09 23:57:11 GPS              2.044e-03  2.940e-04  7.656e-04  1.911e-04  1.881e-04 1.1e-01  27   0  16  0.00
2025-06-09 23:57:12 GPS              2.037e-03  7.520e-04  7.496e-04  2.056e-04  1.766e-04 7.7e-02  28   0  16  0.00
2025-06-09 23:57:11 PPS              5.664e-07  2.295e-07  3.627e-07  9.489e-09  1.190e-07 5.9e-02   8   0   6  0.00
2025-06-09 23:57:13 GPS              2.018e-03  7.544e-04  7.303e-04  1.950e-04  1.652e-04 6.0e-02  29   0  17  0.00
2025-06-09 23:57:14 GPS              1.983e-03  8.916e-04  7.063e-04  1.920e-04  1.536e-04 1.8e-02  30   0  17  0.00
2025-06-09 23:57:15 GPS              1.949e-03  1.053e-03  6.834e-04  1.905e-04  1.432e-04 9.7e-03  31   0  17  0.00
2025-06-09 23:57:16 GPS              1.917e-03  1.281e-03  6.621e-04  1.923e-04  1.338e-04 1.2e-02  32   0  18  0.00
2025-06-09 23:57:14 PPS              5.332e-07 -1.411e-07  3.185e-07 -4.884e-09  8.510e-08 4.9e-02   9   0   7  0.00
2025-06-09 23:57:17 GPS              2.117e-03  8.123e-04  7.205e-04  1.618e-04  1.406e-04 2.3e-01  33   0  17  0.00
2025-06-09 23:57:18 GPS              2.165e-03  5.786e-04  7.263e-04  1.441e-04  1.370e-04 1.3e-01  34   0  17  0.00
2025-06-09 23:57:19 GPS              2.291e-03  1.624e-04  7.581e-04  1.197e-04  1.385e-04 1.8e-01  35   0  17  0.00
2025-06-09 23:57:20 GPS              1.763e-03 -3.826e-03  9.942e-04 -6.236e-04  8.039e-04 5.4e+00  36  25   7  0.00
2025-06-09 23:57:19 PPS              7.104e-07  5.954e-07  4.022e-07  2.156e-08  9.077e-08 2.6e-01  10   0   6  0.00
2025-06-09 23:57:21 GPS              1.859e-03 -3.868e-03  1.093e-03 -5.980e-04  1.032e-03 3.2e-02  12   2   5  0.00
2025-06-09 23:57:22 GPS              1.784e-03 -4.080e-03  1.006e-03 -5.429e-04  8.137e-04 5.3e-02  11   0   5  0.00
2025-06-09 23:57:23 GPS              1.889e-03 -3.869e-03  1.110e-03 -4.299e-04  1.049e-03 1.4e-01  12   2   3  0.00
2025-06-09 23:57:24 GPS              1.794e-03 -4.044e-03  1.012e-03 -3.936e-04  8.182e-04 3.5e-02  11   0   3  0.00
====================================================================================================================
   Date (UTC) Time     IP Address    Std dev'n Est offset  Offset sd  Diff freq   Est skew  Stress  Ns  Bs  Nr  Asym
====================================================================================================================
2025-06-09 23:57:21 PPS              6.794e-07  1.358e-07  3.549e-07  9.847e-09  7.308e-08 5.1e-02  11   0   6  0.00
2025-06-09 23:57:25 GPS              1.705e-03 -4.551e-03  9.260e-04 -4.084e-04  6.544e-04 1.8e-02  12   0   4  0.00
2025-06-09 23:57:26 GPS              2.189e-03 -3.392e-03  1.148e-03 -2.200e-04  7.201e-04 2.9e-01  13   0   7  0.00
2025-06-09 23:57:27 GPS              2.096e-03 -3.637e-03  1.063e-03 -2.230e-04  6.002e-04 4.1e-03  14   0   8  0.00
2025-06-09 23:57:28 GPS              2.020e-03 -3.699e-03  9.932e-04 -2.063e-04  5.097e-04 2.8e-02  15   0   9  0.00
2025-06-09 23:57:25 PPS              6.433e-07 -3.430e-08  3.317e-07  3.054e-10  5.901e-08 1.6e-02  12   0   7  0.00
2025-06-09 23:57:29 GPS              1.974e-03 -3.589e-03  9.425e-04 -1.757e-04  4.433e-04 6.0e-02  16   0   9  0.00
2025-06-09 23:57:30 GPS              1.950e-03 -3.223e-03  9.311e-04 -1.046e-04  4.379e-04 1.6e-01  17   1   9  0.00
2025-06-09 23:57:31 GPS              1.864e-03 -2.441e-03  8.903e-04  1.339e-05  4.186e-04 2.7e-01  17   1  11  0.00
2025-06-09 23:57:32 GPS              1.818e-03 -2.659e-03  8.442e-04 -7.669e-06  3.666e-04 5.0e-02  17   0  12  0.00
2025-06-09 23:57:30 PPS              6.184e-07  9.440e-08  3.130e-07  2.827e-09  4.895e-08 4.7e-02  13   0   8  0.00
2025-06-09 23:57:33 GPS              1.765e-03 -2.783e-03  7.983e-04 -1.761e-05  3.219e-04 2.7e-02  18   0  10  0.00
2025-06-09 23:57:34 GPS              1.714e-03 -2.727e-03  7.564e-04 -1.166e-05  2.846e-04 1.8e-02  19   0  11  0.00
2025-06-09 23:57:35 GPS              1.672e-03 -2.863e-03  7.204e-04 -2.120e-05  2.542e-04 3.4e-02  20   0  12  0.00
2025-06-09 23:57:36 GPS              1.630e-03 -2.796e-03  6.869e-04 -1.479e-05  2.281e-04 2.5e-02  21   0  13  0.00
2025-06-09 23:57:34 PPS              5.905e-07  8.403e-09  2.896e-07  6.785e-10  4.092e-08 4.0e-03  14   0   8  0.00
2025-06-09 23:57:37 GPS              1.684e-03 -3.277e-03  6.943e-04 -4.729e-05  2.179e-04 1.4e-01  22   0  14  0.00
2025-06-09 23:57:38 GPS              1.792e-03 -3.906e-03  7.234e-04 -8.611e-05  2.151e-04 1.8e-01  23   0  12  0.00
2025-06-09 23:57:39 GPS              1.632e-03 -3.964e-03  6.587e-04 -6.259e-05  1.959e-04 1.1e-01  24   1  11  0.00
2025-06-09 23:57:40 GPS              1.612e-03 -4.218e-03  6.380e-04 -7.481e-05  1.803e-04 6.2e-02  24   0  11  0.00
2025-06-09 23:57:38 PPS              5.662e-07 -1.471e-08  2.697e-07 -2.732e-10  3.475e-08 9.5e-03  15   0   9  0.00
2025-06-09 23:57:41 GPS              1.678e-03 -3.842e-03  6.517e-04 -4.718e-05  1.754e-04 1.5e-01  25   0  14  0.00
2025-06-09 23:57:42 GPS              1.682e-03 -4.167e-03  6.411e-04 -6.353e-05  1.647e-04 9.3e-02  26   0  13  0.00
2025-06-09 23:57:43 GPS              1.650e-03 -4.295e-03  6.179e-04 -6.718e-05  1.519e-04 2.2e-02  27   0  13  0.00
2025-06-09 23:57:44 GPS              1.673e-03 -5.166e-03  6.896e-04 -1.507e-04  2.165e-04 5.5e-01  28   6  11  0.00
2025-06-09 23:57:42 PPS              5.647e-07  1.408e-07  2.617e-07  3.338e-09  3.098e-08 9.7e-02  16   0  10  0.00
2025-06-09 23:57:45 GPS              1.673e-03 -5.268e-03  6.899e-04 -1.503e-04  2.165e-04 1.9e-03  23   1  12  0.00
2025-06-09 23:57:46 GPS              1.660e-03 -5.350e-03  6.842e-04 -1.548e-04  2.147e-04 2.1e-02  23   1  12  0.00
2025-06-09 23:57:47 GPS              1.636e-03 -5.318e-03  6.605e-04 -1.423e-04  1.964e-04 5.8e-02  23   0  12  0.00
2025-06-09 23:57:48 GPS              1.687e-03 -5.893e-03  6.678e-04 -1.700e-04  1.887e-04 1.4e-01  24   0  13  0.00
2025-06-09 23:57:45 PPS              5.445e-07 -5.879e-09  2.416e-07  4.967e-10  2.707e-08 5.0e-03  17   0  11  0.00
2025-06-09 23:57:49 GPS              1.730e-03 -5.735e-03  6.850e-04 -1.647e-04  1.935e-04 2.8e-02  25   1  13  0.00
====================================================================================================================
   Date (UTC) Time     IP Address    Std dev'n Est offset  Offset sd  Diff freq   Est skew  Stress  Ns  Bs  Nr  Asym
====================================================================================================================
2025-06-09 23:57:50 GPS              1.802e-03 -4.991e-03  7.133e-04 -9.177e-05  2.015e-04 3.8e-01  25   1  10  0.00
2025-06-09 23:57:51 GPS              1.986e-03 -4.364e-03  7.713e-04 -4.776e-05  2.076e-04 2.2e-01  25   0   8  0.00
2025-06-09 23:57:52 GPS              1.970e-03 -4.165e-03  7.511e-04 -3.327e-05  1.929e-04 7.0e-02  26   0   8  0.00
2025-06-09 23:57:50 PPS              1.609e-06 -2.464e-06  1.194e-06 -1.732e-07  8.448e-07 6.4e+00  18  12   3  0.00
2025-06-09 23:57:53 GPS              1.931e-03 -4.238e-03  7.231e-04 -3.567e-05  1.778e-04 1.2e-02  27   0   9  0.00
2025-06-09 23:57:54 GPS              2.397e-03 -2.014e-03  1.547e-03  3.763e-04  2.203e-03 2.3e+00  28  20   4  0.00
2025-06-09 23:57:55 GPS              2.287e-03 -2.336e-03  1.405e-03  2.531e-04  1.596e-03 5.6e-02   9   0   6  0.00
2025-06-09 23:57:56 GPS              2.296e-03 -3.089e-03  1.349e-03  9.433e-05  1.274e-03 9.9e-02  10   0   5  0.00
2025-06-09 23:57:55 PPS              1.642e-06 -1.064e-06  1.688e-06 -2.290e-07  1.021e-06 6.7e-02   7   1   4  0.00
2025-06-09 23:57:57 GPS              1.047e-03 -4.893e-03  6.756e-04 -5.231e-04  9.628e-04 4.8e-01  11   3   6  0.00
2025-06-09 23:57:58 GPS              9.697e-04 -5.465e-03  5.960e-04 -5.318e-04  6.774e-04 9.1e-03   9   0   7  0.00
2025-06-09 23:57:59 GPS              9.247e-04 -5.780e-03  5.435e-04 -4.975e-04  5.135e-04 5.1e-02  10   0   8  0.00
2025-06-09 23:58:00 GPS              1.000e-03 -5.711e-03  5.643e-04 -4.165e-04  4.562e-04 1.6e-01  11   0   7  0.00
2025-06-09 23:57:57 PPS              1.466e-06 -6.701e-07  1.070e-06 -2.545e-07  4.996e-07 2.6e-02   7   0   5  0.00
2025-06-09 23:58:01 GPS              1.577e-03 -3.749e-03  9.698e-04  7.025e-05  1.101e-03 1.1e+00  12   3   4  0.00
2025-06-09 23:58:02 GPS              1.480e-03 -3.533e-03  8.700e-04  9.331e-05  8.214e-04 2.1e-02  10   0   4  0.00
2025-06-09 23:58:03 GPS              1.424e-03 -2.381e-03  8.751e-04  3.495e-04  9.936e-04 3.1e-01  11   2   7  0.00
2025-06-09 23:58:04 GPS              2.131e-03 -3.059e-03  1.541e-03  1.777e-04  4.385e-03 1.7e-01  10   4   3  0.00
2025-06-09 23:58:01 PPS              2.274e-06  2.661e-06  1.490e-06 -9.942e-08  5.252e-07 2.9e-01   8   0   6  0.00
2025-06-09 23:58:05 GPS              1.979e-03 -3.638e-03  1.348e-03  3.653e-06  2.569e-03 4.0e-02   7   0   3  0.00
2025-06-09 23:58:06 GPS              1.233e-03 -5.573e-03  8.922e-04 -8.355e-04  2.539e-03 3.3e-01   8   2   5  0.00
2025-06-09 23:58:07 GPS              2.268e-03 -3.595e-03  1.547e-03 -1.853e-04  2.945e-03 2.6e-01   7   0   5  0.00
2025-06-09 23:58:08 GPS              2.100e-03 -3.310e-03  1.356e-03 -9.146e-05  1.931e-03 3.2e-02   8   0   5  0.00
2025-06-09 23:58:06 PPS              2.346e-06  1.376e-06  1.446e-06 -1.881e-08  4.013e-07 1.2e-01   9   0   3  0.00
2025-06-09 23:58:09 GPS              2.236e-03 -2.002e-03  1.375e-03  1.558e-04  1.561e-03 1.3e-01   9   0   7  0.00
2025-06-09 23:58:10 GPS              2.098e-03 -2.038e-03  1.233e-03  1.256e-04  1.164e-03 1.9e-02  10   0   8  0.00
2025-06-09 23:58:11 GPS              1.988e-03 -1.677e-03  1.122e-03  1.592e-04  9.063e-04 2.9e-02  11   0   9  0.00
2025-06-09 23:58:12 GPS              1.941e-03 -2.025e-03  1.054e-03  9.299e-05  7.444e-04 7.3e-02  12   0  10  0.00
2025-06-09 23:58:10 PPS              1.663e-06  2.810e-06  1.128e-06  3.284e-07  8.657e-07 8.4e-01  10   4   4  0.00
2025-06-09 23:58:13 GPS              1.902e-03 -2.406e-03  9.968e-04  3.648e-05  6.256e-04 7.6e-02  13   0   8  0.00
2025-06-09 23:58:14 GPS              9.901e-04 -5.471e-03  7.165e-04 -1.097e-03  2.040e-03 1.8e+00  14   8   4  0.00
2025-06-09 23:58:15 GPS              8.913e-04 -6.425e-03  6.074e-04 -1.064e-03  1.158e-03 1.6e-02   7   0   7  0.00
====================================================================================================================
   Date (UTC) Time     IP Address    Std dev'n Est offset  Offset sd  Diff freq   Est skew  Stress  Ns  Bs  Nr  Asym
====================================================================================================================
2025-06-09 23:58:16 GPS              1.035e-03 -6.634e-03  6.685e-04 -8.930e-04  9.529e-04 1.5e-01   8   0   7  0.00
2025-06-09 23:58:14 PPS              1.617e-06 -5.438e-07  1.059e-06  1.713e-07  5.287e-07 6.8e-02   7   0   5  0.00
2025-06-09 23:58:17 GPS              1.337e-03 -6.346e-03  8.222e-04 -6.844e-04  9.343e-04 2.2e-01   9   0   5  0.00
2025-06-09 23:58:18 GPS              1.799e-03 -5.468e-03  1.058e-03 -4.375e-04  9.989e-04 2.6e-01  10   0   5  0.00
2025-06-09 23:58:19 GPS              1.807e-03 -5.185e-03  1.019e-03 -3.346e-04  8.240e-04 1.0e-01  11   0   5  0.00
2025-06-09 23:58:20 GPS              1.748e-03 -5.137e-03  9.495e-04 -2.847e-04  6.708e-04 6.0e-02  12   0   5  0.00
2025-06-09 23:58:17 PPS              1.598e-06 -7.641e-07  9.609e-07 -1.071e-08  3.793e-07 8.0e-02   8   0   5  0.00
2025-06-09 23:58:21 GPS              1.686e-03 -5.154e-03  8.835e-04 -2.527e-04  5.545e-04 4.8e-02  13   0   5  0.00
2025-06-09 23:58:22 GPS              1.236e-03 -4.211e-03  6.972e-04  4.065e-05  5.635e-04 5.3e-01  14   3   4  0.00
2025-06-09 23:58:23 GPS              1.048e-03 -3.821e-03  7.586e-04 -7.449e-05  2.157e-03 2.0e-01  12   6   3  0.00
2025-06-09 23:58:24 GPS              9.962e-04 -4.375e-03  6.787e-04 -1.851e-04  1.293e-03 5.1e-02   7   0   4  0.00
2025-06-09 23:58:22 PPS              2.478e-06 -2.609e-06  1.488e-06 -1.209e-07  4.441e-07 3.2e-01   9   0   5  0.00
2025-06-09 23:58:25 GPS              1.790e-03 -2.494e-03  1.156e-03  2.276e-04  1.646e-03 3.2e-01   8   0   5  0.00
2025-06-09 23:58:26 GPS              1.690e-03 -2.683e-03  1.038e-03  1.542e-04  1.180e-03 4.5e-02   9   0   6  0.00
2025-06-09 23:58:27 GPS              1.596e-03 -2.799e-03  9.382e-04  1.115e-04  8.859e-04 3.6e-02  10   0   6  0.00
2025-06-09 23:58:28 GPS              1.861e-03 -3.951e-03  1.049e-03 -6.905e-05  8.483e-04 2.0e-01  11   0   6  0.00
2025-06-09 23:58:25 PPS              2.448e-06 -1.023e-07  1.615e-06 -3.633e-08  3.861e-07 5.1e-03  10   0   5  0.00
2025-06-09 23:58:29 GPS              1.808e-03 -4.453e-03  9.816e-04 -1.255e-04  6.936e-04 6.7e-02  12   0   6  0.00
2025-06-09 23:58:30 GPS              1.707e-03 -6.452e-03  1.236e-03 -1.028e-03  3.518e-03 1.3e+00  13   7   5  0.00
2025-06-09 23:58:31 GPS              1.531e-03 -7.334e-03  1.043e-03 -9.949e-04  1.989e-03 9.4e-03   7   0   5  0.00
2025-06-09 23:58:32 GPS              1.696e-03 -7.044e-03  1.095e-03 -7.374e-04  1.561e-03 1.3e-01   8   0   7  0.00
2025-06-09 23:58:30 PPS              2.059e-06 -1.805e-06  1.605e-06 -1.579e-07  1.028e-06 3.9e-01  11   5   3  0.00
2025-06-09 23:58:33 GPS              1.609e-03 -7.336e-03  9.890e-04 -6.591e-04  1.124e-03 5.0e-02   9   0   7  0.00
2025-06-09 23:58:34 GPS              2.012e-03 -6.381e-03  1.183e-03 -4.040e-04  1.117e-03 2.3e-01  10   0   7  0.00
2025-06-09 23:58:35 GPS              1.901e-03 -6.918e-03  1.072e-03 -4.232e-04  8.669e-04 1.7e-02  11   0   8  0.00
2025-06-09 23:58:36 GPS              2.264e-03 -5.822e-03  1.230e-03 -2.248e-04  8.686e-04 2.3e-01  12   0   5  0.00
2025-06-09 23:58:35 PPS              2.110e-06  8.400e-07  1.502e-06 -3.168e-08  9.639e-07 7.2e-02   7   1   3  0.00
2025-06-09 23:58:37 GPS              2.247e-03 -5.379e-03  1.178e-03 -1.446e-04  7.391e-04 9.2e-02  13   0   5  0.00
2025-06-09 23:58:38 GPS              2.271e-03 -4.773e-03  1.152e-03 -6.115e-05  6.501e-04 1.1e-01  14   0   5  0.00
2025-06-09 23:58:39 GPS              2.181e-03 -4.831e-03  1.072e-03 -6.087e-05  5.503e-04 4.4e-04  15   0   5  0.00
2025-06-09 23:58:40 GPS              2.135e-03 -4.531e-03  1.019e-03 -2.592e-05  4.793e-04 6.4e-02  16   0   7  0.00
2025-06-09 23:58:39 PPS              1.921e-06  5.253e-07  1.294e-06  5.352e-08  8.426e-07 6.8e-02   7   1   4  0.00
====================================================================================================================
   Date (UTC) Time     IP Address    Std dev'n Est offset  Offset sd  Diff freq   Est skew  Stress  Ns  Bs  Nr  Asym
====================================================================================================================
2025-06-09 23:58:41 GPS              2.104e-03 -4.949e-03  9.769e-04 -6.154e-05  4.242e-04 7.4e-02  17   0   6  0.00
2025-06-09 23:58:42 GPS              1.903e-03 -4.771e-03  9.351e-04  5.807e-05  4.800e-04 2.8e-01  18   3   9  0.00
2025-06-09 23:58:43 GPS              2.011e-03 -5.513e-03  9.596e-04 -1.938e-05  4.514e-04 1.6e-01  16   0   9  0.00
2025-06-09 23:58:44 GPS              1.943e-03 -5.493e-03  9.023e-04 -1.579e-05  3.918e-04 7.9e-03  17   0  10  0.00
2025-06-09 23:58:41 PPS              1.704e-06 -1.758e-07  1.025e-06  1.900e-09  5.040e-07 1.3e-02   7   0   4  0.00
2025-06-09 23:58:45 GPS              2.203e-03 -4.456e-03  9.969e-04  7.442e-05  4.017e-04 2.3e-01  18   0  10  0.00
2025-06-09 23:58:46 GPS              2.139e-03 -4.459e-03  9.437e-04  6.812e-05  3.552e-04 1.6e-02  19   0  11  0.00
2025-06-09 23:58:47 GPS              2.079e-03 -4.411e-03  8.957e-04  6.660e-05  3.161e-04 4.3e-03  20   0  11  0.00
2025-06-09 23:58:48 GPS              2.036e-03 -4.153e-03  8.576e-04  8.064e-05  2.848e-04 4.4e-02  21   0  12  0.00
2025-06-09 23:58:46 PPS              1.664e-06 -4.551e-07  1.051e-06  2.085e-08  5.476e-07 4.1e-02   8   1   3  0.00
2025-06-09 23:58:49 GPS              2.016e-03 -3.773e-03  8.312e-04  1.014e-04  2.608e-04 7.3e-02  22   0  14  0.00
2025-06-09 23:58:50 GPS              2.059e-03 -4.169e-03  8.314e-04  6.830e-05  2.472e-04 1.3e-01  23   0  13  0.00
2025-06-09 23:58:51 GPS              2.035e-03 -4.344e-03  8.054e-04  5.275e-05  2.275e-04 6.3e-02  24   0  13  0.00
2025-06-09 23:58:52 GPS              2.265e-03 -5.284e-03  9.542e-04 -3.737e-05  3.170e-04 4.0e-01  25   4   9  0.00
2025-06-09 23:58:49 PPS              1.517e-06 -2.402e-07  9.099e-07 -8.090e-09  3.632e-07 2.4e-02   8   0   3  0.00
2025-06-09 23:58:53 GPS              2.234e-03 -5.039e-03  9.210e-04 -1.764e-05  2.890e-04 6.2e-02  22   0  10  0.00
2025-06-09 23:58:54 GPS              2.377e-03 -4.282e-03  9.601e-04  3.399e-05  2.854e-04 1.8e-01  23   0  12  0.00
2025-06-09 23:58:55 GPS              2.323e-03 -4.255e-03  9.193e-04  3.354e-05  2.597e-04 1.6e-03  24   0  13  0.00
2025-06-09 23:58:56 GPS              2.279e-03 -4.369e-03  8.850e-04  2.452e-05  2.382e-04 3.5e-02  25   0  13  0.00
2025-06-09 23:58:55 PPS              1.398e-06 -1.416e-07  8.504e-07 -7.322e-09  2.502e-07 1.7e-02   9   0   3  0.00
2025-06-09 23:58:57 GPS              2.232e-03 -4.390e-03  8.508e-04  2.184e-05  2.186e-04 1.1e-02  26   0  13  0.00
2025-06-09 23:58:58 GPS              2.188e-03 -4.413e-03  8.192e-04  1.931e-05  2.014e-04 1.2e-02  27   0  13  0.00
2025-06-09 23:58:59 GPS              2.308e-03 -4.980e-03  8.639e-04 -1.528e-05  2.124e-04 1.7e-01  28   1  13  0.00
2025-06-09 23:59:00 GPS              2.266e-03 -5.084e-03  8.340e-04 -2.014e-05  1.965e-04 2.3e-02  28   0  13  0.00
2025-06-09 23:58:59 PPS              1.363e-06 -5.153e-07  7.872e-07 -2.172e-08  1.927e-07 8.3e-02  10   0   5  0.00
2025-06-09 23:59:01 GPS              2.386e-03 -4.631e-03  8.784e-04 -2.705e-06  2.069e-04 8.9e-02  29   1  13  0.00
