====================================================================================================================
2025-06-06 01:36:21 GPS              2.078e-03  1.843e-01  5.681e-04 -4.051e-05  6.720e-05 1.2e-01  52   0  29  0.00
2025-06-06 01:36:22 GPS              2.075e-03  1.844e-01  5.621e-04 -3.630e-05  6.522e-05 6.3e-02  53   0  29  0.00
2025-06-06 01:36:23 GPS              2.085e-03  1.846e-01  5.596e-04 -3.101e-05  6.371e-05 8.1e-02  54   0  31  0.00
2025-06-06 01:36:24 GPS              2.124e-03  1.848e-01  5.652e-04 -2.368e-05  6.315e-05 1.2e-01  55   0  29  0.00
2025-06-06 01:36:21 PPS              8.781e-07 -2.649e-08  2.670e-07 -2.492e-10  1.132e-08 1.7e-02  27   0  18  0.00
2025-06-06 01:36:25 GPS              2.118e-03  1.847e-01  5.586e-04 -2.713e-05  6.129e-05 5.5e-02  56   0  30  0.00
2025-06-06 01:36:26 GPS              2.109e-03  1.845e-01  5.515e-04 -3.007e-05  5.944e-05 4.8e-02  57   0  32  0.00
2025-06-06 01:36:27 GPS              2.098e-03  1.846e-01  5.438e-04 -2.772e-05  5.759e-05 4.0e-02  58   0  31  0.00
2025-06-06 01:36:28 GPS              2.123e-03  1.844e-01  5.458e-04 -3.341e-05  5.681e-05 9.9e-02  59   0  32  0.00
2025-06-06 01:36:29 GPS              2.114e-03  1.842e-01  5.392e-04 -3.604e-05  5.517e-05 4.6e-02  60   0  32  0.00
2025-06-06 01:36:30 GPS              2.109e-03  1.843e-01  5.335e-04 -3.316e-05  5.368e-05 5.2e-02  61   0  33  0.00
2025-06-06 01:36:31 GPS              2.110e-03  1.841e-01  5.296e-04 -3.662e-05  5.242e-05 6.5e-02  62   0  34  0.00
2025-06-06 01:36:32 GPS              2.097e-03  1.842e-01  5.223e-04 -3.495e-05  5.087e-05 3.2e-02  63   0  35  0.00
2025-06-06 01:36:28 PPS              8.474e-07 -8.485e-08  2.515e-07 -7.591e-10  1.031e-08 6.3e-02  28   0  18  0.00
2025-06-06 01:36:33 GPS              2.081e-03  1.841e-01  5.141e-04 -3.526e-05  4.928e-05 6.0e-03  64   0  36  0.00
2025-06-06 01:36:34 GPS              1.990e-03  1.842e-01  4.916e-04 -2.964e-05  4.712e-05 1.1e-01  64   0  36  0.00
2025-06-06 01:36:35 GPS              1.977e-03  1.841e-01  4.884e-04 -2.878e-05  4.682e-05 1.8e-02  64   0  36  0.00
2025-06-06 01:36:36 GPS              1.976e-03  1.840e-01  4.882e-04 -2.859e-05  4.679e-05 4.1e-03  64   0  35  0.00
2025-06-06 01:36:37 GPS              1.985e-03  1.839e-01  4.906e-04 -3.182e-05  4.702e-05 6.9e-02  64   0  34  0.00
2025-06-06 01:36:38 GPS              1.972e-03  1.838e-01  4.872e-04 -3.021e-05  4.670e-05 3.4e-02  64   0  33  0.00
2025-06-06 01:36:39 GPS              1.982e-03  1.839e-01  4.897e-04 -2.942e-05  4.693e-05 1.7e-02  64   0  33  0.00
2025-06-06 01:36:40 GPS              1.977e-03  1.839e-01  4.884e-04 -2.860e-05  4.682e-05 1.7e-02  64   0  34  0.00
2025-06-06 01:36:37 PPS              8.114e-07 -3.373e-09  2.372e-07 -1.672e-10  9.363e-09 1.2e-03  29   0  18  0.00
2025-06-06 01:36:41 GPS              1.970e-03  1.838e-01  4.867e-04 -2.768e-05  4.665e-05 2.0e-02  64   0  33  0.00
2025-06-06 01:36:42 GPS              1.989e-03  1.836e-01  4.914e-04 -3.333e-05  4.710e-05 1.2e-01  64   0  32  0.00
2025-06-06 01:36:43 GPS              2.034e-03  1.834e-01  5.025e-04 -3.570e-05  4.817e-05 5.0e-02  64   0  31  0.00
2025-06-06 01:36:44 GPS              2.024e-03  1.833e-01  5.002e-04 -3.705e-05  4.795e-05 2.8e-02  64   0  32  0.00
2025-06-06 01:36:45 GPS              2.002e-03  1.832e-01  4.946e-04 -4.123e-05  4.741e-05 8.7e-02  64   0  33  0.00
2025-06-06 01:36:46 GPS              2.002e-03  1.832e-01  4.948e-04 -4.062e-05  4.743e-05 1.3e-02  64   0  33  0.00
2025-06-06 01:36:47 GPS              2.004e-03  1.832e-01  4.953e-04 -3.938e-05  4.747e-05 2.6e-02  64   0  32  0.00
2025-06-06 01:36:48 GPS              1.979e-03  1.832e-01  4.890e-04 -4.050e-05  4.687e-05 2.4e-02  64   0  31  0.00
2025-06-06 01:36:44 PPS              1.098e-06 -1.638e-06  7.453e-07 -5.477e-08  2.884e-07 5.8e+00  30  24   3  0.00
====================================================================================================================
   Date (UTC) Time     IP Address    Std dev'n Est offset  Offset sd  Diff freq   Est skew  Stress  Ns  Bs  Nr  Asym
====================================================================================================================
2025-06-06 01:36:49 GPS              2.028e-03  1.835e-01  5.011e-04 -3.299e-05  4.803e-05 1.6e-01  64   0  31  0.00
2025-06-06 01:36:50 GPS              1.995e-03  1.836e-01  4.930e-04 -2.602e-05  4.725e-05 1.5e-01  64   0  31  0.00
2025-06-06 01:36:51 GPS              2.042e-03  1.839e-01  5.045e-04 -1.998e-05  4.835e-05 1.3e-01  64   0  31  0.00
2025-06-06 01:36:52 GPS              2.053e-03  1.840e-01  5.073e-04 -1.524e-05  4.862e-05 9.8e-02  64   0  30  0.00
2025-06-06 01:36:53 GPS              2.112e-03  1.842e-01  5.829e-04 -1.019e-05  7.031e-05 1.0e-01  64  13  22  0.00
2025-06-06 01:36:54 GPS              2.091e-03  1.841e-01  5.717e-04 -1.103e-05  6.763e-05 1.2e-02  52   0  23  0.00
2025-06-06 01:36:55 GPS              2.077e-03  1.840e-01  5.627e-04 -1.364e-05  6.529e-05 3.9e-02  53   0  23  0.00
2025-06-06 01:36:56 GPS              2.063e-03  1.839e-01  5.538e-04 -1.598e-05  6.305e-05 3.6e-02  54   0  25  0.00
2025-06-06 01:36:52 PPS              1.468e-06  6.946e-07  8.110e-07 -2.485e-08  2.753e-07 1.0e-01   7   0   4  0.00
2025-06-06 01:36:57 GPS              2.050e-03  1.840e-01  5.455e-04 -1.355e-05  6.095e-05 3.8e-02  55   0  24  0.00
2025-06-06 01:36:58 GPS              2.068e-03  1.841e-01  5.501e-04 -1.096e-05  6.147e-05 4.3e-02  56   1  24  0.00
2025-06-06 01:36:59 GPS              2.051e-03  1.841e-01  5.409e-04 -9.454e-06  5.935e-05 2.4e-02  56   0  24  0.00
2025-06-06 01:37:00 GPS              2.045e-03  1.842e-01  5.393e-04 -1.048e-05  5.917e-05 1.7e-02  57   1  23  0.00
2025-06-06 01:37:01 GPS              2.033e-03  1.842e-01  5.722e-04 -1.277e-05  7.189e-05 3.9e-02  57   8  18  0.00
2025-06-06 01:37:02 GPS              2.029e-03  1.840e-01  5.652e-04 -1.716e-05  6.958e-05 6.1e-02  50   0  19  0.00
2025-06-06 01:37:03 GPS              2.027e-03  1.842e-01  5.596e-04 -1.253e-05  6.750e-05 6.7e-02  51   0  20  0.00
2025-06-06 01:37:04 GPS              2.015e-03  1.840e-01  5.508e-04 -1.536e-05  6.516e-05 4.2e-02  52   0  21  0.00
2025-06-06 01:37:00 PPS              1.676e-06 -1.428e-06  1.055e-06 -8.093e-08  4.770e-07 2.0e-01   8   2   5  0.00
2025-06-06 01:37:05 GPS              2.070e-03  1.837e-01  5.607e-04 -2.396e-05  6.506e-05 1.3e-01  53   0  23  0.00
2025-06-06 01:37:06 GPS              2.052e-03  1.837e-01  5.509e-04 -2.537e-05  6.272e-05 2.2e-02  54   0  23  0.00
2025-06-06 01:37:07 GPS              2.040e-03  1.837e-01  5.427e-04 -2.290e-05  6.064e-05 3.9e-02  55   0  24  0.00
2025-06-06 01:37:08 GPS              2.030e-03  1.836e-01  5.353e-04 -2.564e-05  5.873e-05 4.5e-02  56   0  25  0.00
2025-06-06 01:37:09 GPS              2.012e-03  1.835e-01  5.260e-04 -2.630e-05  5.669e-05 1.1e-02  57   0  25  0.00
2025-06-06 01:37:10 GPS              2.022e-03  1.837e-01  5.243e-04 -2.169e-05  5.552e-05 8.1e-02  58   0  26  0.00
2025-06-06 01:37:11 GPS              2.005e-03  1.837e-01  5.154e-04 -2.148e-05  5.364e-05 3.9e-03  59   0  26  0.00
2025-06-06 01:37:12 GPS              2.005e-03  1.838e-01  5.112e-04 -1.809e-05  5.230e-05 6.3e-02  60   0  26  0.00
2025-06-06 01:37:08 PPS              1.847e-06  1.170e-06  1.036e-06 -2.623e-08  3.398e-07 1.1e-01   7   0   5  0.00
2025-06-06 01:37:13 GPS              1.988e-03  1.838e-01  5.028e-04 -1.781e-05  5.059e-05 5.3e-03  61   0  26  0.00
2025-06-06 01:37:14 GPS              1.997e-03  1.836e-01  5.011e-04 -2.174e-05  4.960e-05 7.8e-02  62   0  27  0.00
2025-06-06 01:37:15 GPS              1.980e-03  1.836e-01  4.931e-04 -2.186e-05  4.802e-05 2.4e-03  63   0  27  0.00
2025-06-06 01:37:16 GPS              2.005e-03  1.838e-01  4.956e-04 -1.712e-05  4.749e-05 9.9e-02  64   0  28  0.00
2025-06-06 01:37:17 GPS              2.005e-03  1.838e-01  4.955e-04 -1.715e-05  4.749e-05 6.3e-04  64   0  29  0.00
====================================================================================================================
   Date (UTC) Time     IP Address    Std dev'n Est offset  Offset sd  Diff freq   Est skew  Stress  Ns  Bs  Nr  Asym
====================================================================================================================
2025-06-06 01:37:18 GPS              2.031e-03  1.840e-01  5.019e-04 -1.106e-05  4.810e-05 1.3e-01  64   0  27  0.00
2025-06-06 01:37:19 GPS              1.802e-03  1.844e-01  5.884e-04 -8.313e-06  1.041e-04 5.7e-02  64  28  14  0.00
2025-06-06 01:37:20 GPS              1.812e-03  1.844e-01  5.998e-04 -1.343e-05  1.095e-04 4.9e-02  37   2  14  0.00
2025-06-06 01:37:16 PPS              1.915e-06 -1.292e-06  1.001e-06 -6.565e-08  2.501e-07 1.2e-01   8   0   7  0.00
2025-06-06 01:37:21 GPS              1.785e-03  1.844e-01  5.830e-04 -1.391e-05  1.032e-04 4.4e-03  36   0  15  0.00
2025-06-06 01:37:22 GPS              1.760e-03  1.843e-01  5.673e-04 -1.516e-05  9.734e-05 1.2e-02  37   0  15  0.00
2025-06-06 01:37:23 GPS              1.761e-03  1.845e-01  6.177e-04  1.229e-05  1.294e-04 2.8e-01  38   7  14  0.00
2025-06-06 01:37:24 GPS              1.734e-03  1.845e-01  6.079e-04  2.002e-05  1.274e-04 6.0e-02  32   1  13  0.00
2025-06-06 01:37:25 GPS              1.736e-03  1.845e-01  6.087e-04  1.574e-05  1.275e-04 3.4e-02  32   1  13  0.00
2025-06-06 01:37:26 GPS              1.604e-03  1.842e-01  7.256e-04 -2.913e-05  2.926e-04 3.5e-01  32  14   7  0.00
2025-06-06 01:37:27 GPS              1.568e-03  1.844e-01  6.918e-04 -1.522e-05  2.604e-04 4.8e-02  19   0   8  0.00
2025-06-06 01:37:28 GPS              1.601e-03  1.839e-01  6.897e-04 -4.817e-05  2.434e-04 1.3e-01  20   0   9  0.00
2025-06-06 01:37:24 PPS              1.913e-06  7.881e-07  9.641e-07 -3.266e-08  1.877e-07 1.2e-01   9   0   7  0.00
2025-06-06 01:37:29 GPS              1.641e-03  1.843e-01  6.915e-04 -1.596e-05  2.296e-04 1.3e-01  21   0  10  0.00
2025-06-06 01:37:30 GPS              1.600e-03  1.843e-01  6.596e-04 -1.804e-05  2.070e-04 9.1e-03  22   0  11  0.00
2025-06-06 01:37:31 GPS              1.599e-03  1.845e-01  6.456e-04  6.642e-07  1.919e-04 9.0e-02  23   0  12  0.00
2025-06-06 01:37:32 GPS              1.988e-03  1.835e-01  7.865e-04 -6.210e-05  2.223e-04 3.3e-01  24   0  13  0.00
2025-06-06 01:37:33 GPS              1.965e-03  1.833e-01  7.630e-04 -7.595e-05  2.054e-04 6.2e-02  25   0  13  0.00
2025-06-06 01:37:34 GPS              2.313e-03  1.819e-01  1.256e-03 -2.320e-04  8.876e-04 7.6e-01  26  14   7  0.00
2025-06-06 01:37:35 GPS              2.208e-03  1.817e-01  1.157e-03 -2.193e-04  7.263e-04 1.4e-02  13   0   8  0.00
2025-06-06 01:37:36 GPS              2.182e-03  1.821e-01  1.107e-03 -1.572e-04  6.247e-04 8.6e-02  14   0   6  0.00
2025-06-06 01:37:31 PPS              1.665e-06  2.872e-07  7.836e-07 -1.740e-08  1.308e-07 4.1e-02  10   0   7  0.00
2025-06-06 01:37:37 GPS              2.191e-03  1.818e-01  1.148e-03 -2.121e-04  7.206e-04 8.8e-02  15   2   6  0.00
2025-06-06 01:37:38 GPS              2.192e-03  1.817e-01  1.149e-03 -2.102e-04  7.209e-04 2.6e-03  14   1   6  0.00
2025-06-06 01:37:39 GPS              2.193e-03  1.816e-01  1.150e-03 -2.082e-04  7.214e-04 2.9e-03  14   1   5  0.00
2025-06-06 01:37:40 GPS              2.100e-03  1.813e-01  1.065e-03 -2.141e-04  6.014e-04 8.2e-03  14   0   6  0.00
2025-06-06 01:37:41 GPS              2.131e-03  1.808e-01  1.080e-03 -2.325e-04  6.101e-04 3.1e-02  15   1   5  0.00
2025-06-06 01:37:42 GPS              2.132e-03  1.812e-01  1.048e-03 -1.710e-04  5.378e-04 1.0e-01  15   0   6  0.00
2025-06-06 01:37:43 GPS              2.066e-03  1.812e-01  9.863e-04 -1.505e-04  4.638e-04 3.8e-02  16   0   6  0.00
